<?xml version="1.0" encoding="UTF-8"?>
<!-- Generated by org.testng.reporters.JUnitXMLReporter -->
<testsuite ignored="0" hostname="Bhargavi" failures="0" tests="4" name="Default test" time="45.384" errors="0" timestamp="2024-11-08T13:05:19 IST">
  <testcase classname="reports.DataProviderTest" name="loginTest" time="21.089"/>
  <testcase classname="reports.DataProviderTest" name="loginTest" time="4.799"/>
  <testcase classname="reports.DataProviderTest" name="loginTest" time="6.54"/>
  <testcase classname="reports.DataProviderTest" name="loginTest" time="12.912"/>
</testsuite> <!-- Default test -->
