<?xml version="1.0" encoding="UTF-8"?>
<testng-results ignored="0" total="4" passed="4" failed="0" skipped="0">
  <reporter-output>
  </reporter-output>
  <suite started-at="2024-11-08T13:04:33 IST" name="Default suite" finished-at="2024-11-08T13:05:19 IST" duration-ms="45384">
    <groups>
    </groups>
    <test started-at="2024-11-08T13:04:33 IST" name="Default test" finished-at="2024-11-08T13:05:19 IST" duration-ms="45384">
      <class name="reports.DataProviderTest">
        <test-method signature="loginTest(java.lang.String,java.lang.String)[pri:0, instance:reports.DataProviderTest@1fa268de]" started-at="2024-11-08T13:04:33 IST" name="loginTest" data-provider="loginData" finished-at="2024-11-08T13:04:54 IST" duration-ms="21089" status="PASS">
          <params>
            <param index="0">
              <value>
                <![CDATA[standard_user]]>
              </value>
            </param>
            <param index="1">
              <value>
                <![CDATA[secret_sauce]]>
              </value>
            </param>
          </params>
          <reporter-output>
          </reporter-output>
        </test-method> <!-- loginTest -->
        <test-method signature="loginTest(java.lang.String,java.lang.String)[pri:0, instance:reports.DataProviderTest@1fa268de]" started-at="2024-11-08T13:04:54 IST" name="loginTest" data-provider="loginData" finished-at="2024-11-08T13:04:59 IST" duration-ms="4799" status="PASS">
          <params>
            <param index="0">
              <value>
                <![CDATA[locked_out_user]]>
              </value>
            </param>
            <param index="1">
              <value>
                <![CDATA[secret_sauce]]>
              </value>
            </param>
          </params>
          <reporter-output>
          </reporter-output>
        </test-method> <!-- loginTest -->
        <test-method signature="loginTest(java.lang.String,java.lang.String)[pri:0, instance:reports.DataProviderTest@1fa268de]" started-at="2024-11-08T13:04:59 IST" name="loginTest" data-provider="loginData" finished-at="2024-11-08T13:05:06 IST" duration-ms="6540" status="PASS">
          <params>
            <param index="0">
              <value>
                <![CDATA[problem_user]]>
              </value>
            </param>
            <param index="1">
              <value>
                <![CDATA[secret_sauce]]>
              </value>
            </param>
          </params>
          <reporter-output>
          </reporter-output>
        </test-method> <!-- loginTest -->
        <test-method signature="loginTest(java.lang.String,java.lang.String)[pri:0, instance:reports.DataProviderTest@1fa268de]" started-at="2024-11-08T13:05:06 IST" name="loginTest" data-provider="loginData" finished-at="2024-11-08T13:05:19 IST" duration-ms="12912" status="PASS">
          <params>
            <param index="0">
              <value>
                <![CDATA[performance_glitch_user]]>
              </value>
            </param>
            <param index="1">
              <value>
                <![CDATA[secret_sauce]]>
              </value>
            </param>
          </params>
          <reporter-output>
          </reporter-output>
        </test-method> <!-- loginTest -->
      </class> <!-- reports.DataProviderTest -->
    </test> <!-- Default test -->
  </suite> <!-- Default suite -->
</testng-results>
